[2026-04-02T04:36:55Z] == DB migrations runner ==
[2026-04-02T04:36:55Z] STAGING_DIR: /home/andrish97/.deploy/db-migrate/31ed1d58d889c43696fa8f359399ea94e78ddc35
[2026-04-02T04:36:55Z] MIG_DIR    : /home/andrish97/.deploy/db-migrate/31ed1d58d889c43696fa8f359399ea94e78ddc35/migrations
[2026-04-02T04:36:55Z] OUT_DIR    : /home/andrish97/.deploy/db-migrate/31ed1d58d889c43696fa8f359399ea94e78ddc35/out
[2026-04-02T04:36:55Z] 
[2026-04-02T04:36:55Z] == Ensure public.schema_migrations ==
NOTICE:  relation "schema_migrations" already exists, skipping
CREATE TABLE
[2026-04-02T04:36:55Z] OK
[2026-04-02T04:36:55Z] 
[2026-04-02T04:36:56Z] Existing public tables (excluding schema_migrations): 44
[2026-04-02T04:36:56Z] Applied migrations in tracking table: 128
[2026-04-02T04:36:56Z] 
[2026-04-02T04:36:56Z] SUPERSEDES declarations found:
[2026-04-02T04:36:56Z]   2026-03-13_089_final_fix.sql supersedes 2026-03-12_067_message_attachments.sql
[2026-04-02T04:36:56Z]   2026-03-14_106_accept_checksum_101.sql supersedes 2026-03-14_101_games_table_with_vector.sql
[2026-04-02T04:36:56Z]   2026-03-30_171_fix_stats_filters.sql supersedes 2026-03-30_170_stats_detail_rpc.sql
[2026-04-02T04:36:56Z]   2026-03-13_092_fix_sync_cleanup_final.sql supersedes 2026-03-13_086_revert_to_586f3a9.sql
[2026-04-02T04:36:56Z]   2026-03-27_163_stats_bases_logos.sql supersedes 2026-03-27_162_stats_excluded_users.sql
[2026-04-02T04:36:56Z]   2026-03-27_162_stats_excluded_users.sql supersedes 2026-03-27_160_admin_stats_v2.sql
[2026-04-02T04:36:56Z]   2026-03-27_165_fix_bases_logos_demo_filter.sql supersedes 2026-03-27_163_stats_bases_logos.sql
[2026-04-02T04:36:56Z]   2026-03-13_093_fix_087_checksum.sql supersedes 2026-03-13_087_queue_and_storage.sql
[2026-04-02T04:36:56Z] 
[2026-04-02T04:36:56Z] == Apply migrations (sorted) ==
[2026-04-02T04:36:56Z] SKIP  2026-03-01_000_baseline.sql (already applied)
[2026-04-02T04:36:56Z] SKIP  2026-03-01_010_example_add_table.sql (already applied)
[2026-04-02T04:36:56Z] SKIP  2026-03-01_020_rpc_example.sql (already applied)
[2026-04-02T04:36:56Z] SKIP  2026-03-05_030_cancel_my_email_change.sql (already applied)
[2026-04-02T04:36:56Z] SKIP  2026-03-09_040_demo_in_db.sql (already applied)
[2026-04-02T04:36:56Z] SKIP  2026-03-09_041_fix_demo_logo_active.sql (already applied)
[2026-04-02T04:36:56Z] SKIP  2026-03-10_042_fix_restore_demo_old_logos.sql (already applied)
[2026-04-02T04:36:57Z] SKIP  2026-03-10_043_drop_user_flags_demo.sql (already applied)
[2026-04-02T04:36:57Z] SKIP  2026-03-10_044_marketplace.sql (already applied)
[2026-04-02T04:36:57Z] SKIP  2026-03-10_045_market_admin_actions.sql (already applied)
[2026-04-02T04:36:57Z] SKIP  2026-03-10_046_market_submit_require_playable.sql (already applied)
[2026-04-02T04:36:57Z] SKIP  2026-03-11_047_market_games_as_library.sql (already applied)
[2026-04-02T04:36:57Z] SKIP  2026-03-11_048_backfill_and_notifications.sql (already applied)
[2026-04-02T04:36:57Z] SKIP  2026-03-11_049_market_per_user_games.sql (already applied)
[2026-04-02T04:36:57Z] SKIP  2026-03-11_050_fix_market_my_library.sql (already applied)
[2026-04-02T04:36:57Z] SKIP  2026-03-11_051_fix_add_to_library_conflict.sql (already applied)
[2026-04-02T04:36:57Z] SKIP  2026-03-11_052_backfill_missing_market_games.sql (already applied)
[2026-04-02T04:36:57Z] SKIP  2026-03-11_053_library_game_copy_robust.sql (already applied)
[2026-04-02T04:36:58Z] SKIP  2026-03-11_054_game_type_market.sql (already applied)
[2026-04-02T04:36:58Z] SKIP  2026-03-11_055_game_type_market_backfill.sql (already applied)
[2026-04-02T04:36:58Z] SKIP  2026-03-11_056_market_cleanup_rejected.sql (already applied)
[2026-04-02T04:36:58Z] SKIP  2026-03-11_057_fix_gen_share_key_security.sql (already applied)
[2026-04-02T04:36:58Z] SKIP  2026-03-12_058_market_admin_delete_force.sql (already applied)
[2026-04-02T04:36:58Z] SKIP  2026-03-12_059_market_sync_cleanup.sql (already applied)
[2026-04-02T04:36:58Z] SKIP  2026-03-12_060_contact_reports.sql (already applied)
[2026-04-02T04:36:58Z] SKIP  2026-03-12_061_contact_reports_rate_limit.sql (already applied)
[2026-04-02T04:36:58Z] SKIP  2026-03-12_062_contact_report_messages.sql (already applied)
[2026-04-02T04:36:58Z] SKIP  2026-03-12_063_mail_queue_from_email.sql (already applied)
[2026-04-02T04:36:58Z] SKIP  2026-03-12_064_contact_move_message.sql (already applied)
[2026-04-02T04:36:59Z] SKIP  2026-03-12_065_contact_report_messages_html.sql (already applied)
[2026-04-02T04:36:59Z] SKIP  2026-03-12_066_unified_messages.sql (already applied)
[2026-04-02T04:36:59Z] SKIP  2026-03-12_067_message_attachments.sql (already applied)
[2026-04-02T04:36:59Z] SKIP  2026-03-12_068_storage_bucket_attachments.sql (already applied)
[2026-04-02T04:36:59Z] SKIP  2026-03-12_069_attachment_expiry.sql (already applied)
[2026-04-02T04:36:59Z] SKIP  2026-03-13_070_fix_get_report_messages.sql (already applied)
[2026-04-02T04:36:59Z] SKIP  2026-03-13_071_fix_get_report_messages_v2.sql (already applied)
[2026-04-02T04:36:59Z] SKIP  2026-03-13_076_fix_community_games_policies.sql (already applied)
[2026-04-02T04:36:59Z] SKIP  2026-03-13_077_fix_market_games_storage_path.sql (already applied)
[2026-04-02T04:36:59Z] SKIP  2026-03-13_081_fix_market_admin_functions_v2.sql (already applied)
[2026-04-02T04:36:59Z] SKIP  2026-03-13_083_storage_list_objects_fix.sql (already applied)
[2026-04-02T04:37:00Z] SKIP  2026-03-13_086_revert_to_586f3a9.sql (already applied)
[2026-04-02T04:37:00Z] SKIP  2026-03-13_087_queue_and_storage.sql (already applied)
[2026-04-02T04:37:00Z] SKIP  2026-03-13_088_fix_broken_state.sql (already applied)
[2026-04-02T04:37:00Z] SKIP  2026-03-13_089_final_fix.sql (already applied)
[2026-04-02T04:37:00Z] SKIP  2026-03-13_090_rename_storage_folder.sql (already applied)
[2026-04-02T04:37:00Z] SKIP  2026-03-13_091_update_sync_cleanup.sql (already applied)
[2026-04-02T04:37:00Z] SKIP  2026-03-13_092_fix_sync_cleanup_final.sql (already applied)
[2026-04-02T04:37:00Z] SKIP  2026-03-13_093_fix_087_checksum.sql (already applied)
[2026-04-02T04:37:00Z] SKIP  2026-03-13_094_rename_bucket.sql (already applied)
[2026-04-02T04:37:00Z] SKIP  2026-03-13_095_queue_created_by_nullable.sql (already applied)
[2026-04-02T04:37:00Z] SKIP  2026-03-13_096_queue_progress_column.sql (already applied)
[2026-04-02T04:37:01Z] SKIP  2026-03-13_097_queue_results_array.sql (already applied)
[2026-04-02T04:37:01Z] SKIP  2026-03-13_098_queue_results_jsonb.sql (already applied)
[2026-04-02T04:37:01Z] SKIP  2026-03-13_099_queue_rls_fix.sql (already applied)
[2026-04-02T04:37:01Z] SKIP  2026-03-13_100_queue_cron.sql (already applied)
[2026-04-02T04:37:01Z] SKIP  2026-03-14_095_fix_market_admin_delete_gh_slug.sql (already applied)
[2026-04-02T04:37:01Z] SKIP  2026-03-14_096_demo_for_guests.sql (already applied)
[2026-04-02T04:37:01Z] SKIP  2026-03-14_101_games_table_with_vector.sql (already applied)
[2026-04-02T04:37:01Z] SKIP  2026-03-14_102_vector_search_function.sql (already applied)
[2026-04-02T04:37:01Z] SKIP  2026-03-14_104_market_games_origin.sql (already applied)
[2026-04-02T04:37:01Z] SKIP  2026-03-14_105_market_games_uniqueness.sql (already applied)
[2026-04-02T04:37:02Z] SKIP  2026-03-14_106_accept_checksum_101.sql (already applied)
[2026-04-02T04:37:02Z] SKIP  2026-03-14_107_market_admin_origin.sql (already applied)
[2026-04-02T04:37:02Z] SKIP  2026-03-14_108_market_games_embeddings.sql (already applied)
[2026-04-02T04:37:02Z] SKIP  2026-03-14_109_market_embeddings_cron.sql (already applied)
[2026-04-02T04:37:02Z] SKIP  2026-03-14_110_fix_market_embeddings_cron.sql (already applied)
[2026-04-02T04:37:02Z] SKIP  2026-03-14_111_embed_missing_cron_use_vault.sql (already applied)
[2026-04-02T04:37:02Z] SKIP  2026-03-14_112_remove_process_game_queue_cron.sql (already applied)
[2026-04-02T04:37:02Z] SKIP  2026-03-17_113_fix_username_from_email.sql (already applied)
[2026-04-02T04:37:02Z] SKIP  2026-03-19_114_shared_devices.sql (already applied)
[2026-04-02T04:37:02Z] SKIP  2026-03-19_115_fix_shared_devices_v2.sql (already applied)
[2026-04-02T04:37:02Z] SKIP  2026-03-19_115_shared_devices_v2.sql (already applied)
[2026-04-02T04:37:03Z] SKIP  2026-03-19_116_drop_ios_prompt_flag.sql (already applied)
[2026-04-02T04:37:03Z] SKIP  2026-03-19_117_shared_devices_add_columns.sql (already applied)
[2026-04-02T04:37:03Z] SKIP  2026-03-19_118_reload_schema.sql (already applied)
[2026-04-02T04:37:03Z] SKIP  2026-03-19_119_fix_list_shared_devices.sql (already applied)
[2026-04-02T04:37:03Z] SKIP  2026-03-19_120_fix_ambiguous_expires_at.sql (already applied)
[2026-04-02T04:37:03Z] SKIP  2026-03-19_121_fix_shared_devices_constraint.sql (already applied)
[2026-04-02T04:37:03Z] SKIP  2026-03-19_122_shared_devices_with_keys.sql (already applied)
[2026-04-02T04:37:03Z] SKIP  2026-03-19_123_fix_ambiguous_expires_at_v2.sql (already applied)
[2026-04-02T04:37:03Z] SKIP  2026-03-19_124_remove_tinymce_api_key.sql (already applied)
[2026-04-02T04:37:03Z] SKIP  2026-03-20_125_email_suppressions.sql (already applied)
[2026-04-02T04:37:03Z] SKIP  2026-03-20_126_add_ses_provider.sql (already applied)
[2026-04-02T04:37:04Z] SKIP  2026-03-22_127_mail_logs_cleanup_cron.sql (already applied)
[2026-04-02T04:37:04Z] SKIP  2026-03-25_128_market_games_slug.sql (already applied)
[2026-04-02T04:37:04Z] SKIP  2026-03-25_129_market_admin_list_slug.sql (already applied)
[2026-04-02T04:37:04Z] SKIP  2026-03-25_130_backfill_missing_slugs.sql (already applied)
[2026-04-02T04:37:04Z] SKIP  2026-03-25_131_market_slug_trigger.sql (already applied)
[2026-04-02T04:37:04Z] SKIP  2026-03-25_132_guest_cleanup_cron.sql (already applied)
[2026-04-02T04:37:04Z] SKIP  2026-03-25_133_guest_cleanup_cron_fix.sql (already applied)
[2026-04-02T04:37:04Z] SKIP  2026-03-26_130_app_ratings.sql (already applied)
[2026-04-02T04:37:04Z] SKIP  2026-03-26_140_admin_stats.sql (already applied)
[2026-04-02T04:37:04Z] SKIP  2026-03-26_145_admin_stats_funnel.sql (already applied)
[2026-04-02T04:37:04Z] SKIP  2026-03-26_150_admin_stats_deep.sql (already applied)
[2026-04-02T04:37:05Z] SKIP  2026-03-26_155_admin_stats_control.sql (already applied)
[2026-04-02T04:37:05Z] SKIP  2026-03-27_160_admin_stats_v2.sql (already applied)
[2026-04-02T04:37:05Z] SKIP  2026-03-27_161_retention_stats.sql (already applied)
[2026-04-02T04:37:05Z] SKIP  2026-03-27_162_stats_excluded_users.sql (already applied)
[2026-04-02T04:37:05Z] SKIP  2026-03-27_163_stats_bases_logos.sql (already applied)
[2026-04-02T04:37:05Z] SKIP  2026-03-27_164_backfill_is_demo.sql (already applied)
[2026-04-02T04:37:05Z] SKIP  2026-03-27_165_fix_bases_logos_demo_filter.sql (already applied)
[2026-04-02T04:37:05Z] SKIP  2026-03-27_166_ratings_admin_rpc.sql (already applied)
[2026-04-02T04:37:05Z] SKIP  2026-03-30_167_fix_market_game_by_slug_permissions.sql (already applied)
[2026-04-02T04:37:05Z] SKIP  2026-03-30_168_fix_anonymous_signup.sql (already applied)
[2026-04-02T04:37:05Z] SKIP  2026-03-30_169_guest_discard_current.sql (already applied)
[2026-04-02T04:37:06Z] SKIP  2026-03-30_170_stats_detail_rpc.sql (already applied)
[2026-04-02T04:37:06Z] SKIP  2026-03-30_171_fix_stats_filters.sql (already applied)
[2026-04-02T04:37:06Z] SKIP  2026-03-30_172_reload_schema.sql (already applied)
[2026-04-02T04:37:06Z] SKIP  2026-03-30_173_fix_stats_detail_users.sql (already applied)
[2026-04-02T04:37:06Z] SKIP  2026-03-30_174_fix_lang_stats.sql (already applied)
[2026-04-02T04:37:06Z] SKIP  2026-03-30_175_stats_detail_user_lang.sql (already applied)
[2026-04-02T04:37:06Z] SKIP  2026-03-30_176_market_ratings.sql (already applied)
[2026-04-02T04:37:06Z] SKIP  2026-03-31_177_market_ratings_fix.sql (already applied)
[2026-04-02T04:37:06Z] SKIP  2026-03-31_178_user_logos_storage.sql (already applied)
[2026-04-02T04:37:06Z] SKIP  2026-03-31_179_fix_user_logos_public_access.sql (already applied)
[2026-04-02T04:37:06Z] SKIP  2026-04-02_067_messages_read_status.sql (already applied)
[2026-04-02T04:37:07Z] SKIP  2026-04-02_068_ensure_mark_message_read.sql (already applied)
[2026-04-02T04:37:07Z] SKIP  2026-04-02_068_mail_queue_add_text_field.sql (already applied)
[2026-04-02T04:37:07Z] APPLY 2026-04-02_069_fix_is_read_column.sql
DO
DO
CREATE INDEX
CREATE FUNCTION
psql:/dev/stdin:145: ERROR:  cannot change return type of existing function
DETAIL:  Row type defined by OUT parameters is different.
HINT:  Use DROP FUNCTION list_messages(text,integer,integer) first.
[2026-04-02T04:37:07Z] FAIL  2026-04-02_069_fix_is_read_column.sql (SQL error — see output above)
[2026-04-02T04:37:07Z] WARN  2026-04-02_069_fix_is_read_column.sql — marking as applied to prevent retry; fix manually if needed
INSERT 0 1
[2026-04-02T04:37:07Z] 
[2026-04-02T04:37:07Z] == Dump schema.sql (schema-only) ==
[2026-04-02T04:37:07Z] Wrote: /home/andrish97/.deploy/db-migrate/31ed1d58d889c43696fa8f359399ea94e78ddc35/out/schema.sql (13463 lines)
[2026-04-02T04:37:07Z] 
[2026-04-02T04:37:07Z] DONE
