[2026-03-01T12:44:14Z] == DB migrations runner ==
[2026-03-01T12:44:14Z] STAGING_DIR: /home/andrish97/.deploy/db-migrate/03722142c49d1b9d6dbd729dbb071bbec47a8349
[2026-03-01T12:44:14Z] MIG_DIR    : /home/andrish97/.deploy/db-migrate/03722142c49d1b9d6dbd729dbb071bbec47a8349/migrations
[2026-03-01T12:44:14Z] OUT_DIR    : /home/andrish97/.deploy/db-migrate/03722142c49d1b9d6dbd729dbb071bbec47a8349/out
[2026-03-01T12:44:14Z] 
[2026-03-01T12:44:14Z] == Ensure public.schema_migrations ==
NOTICE:  relation "schema_migrations" already exists, skipping
CREATE TABLE
[2026-03-01T12:44:14Z] OK
[2026-03-01T12:44:14Z] 
[2026-03-01T12:44:14Z] Existing public tables (excluding schema_migrations): 29
[2026-03-01T12:44:14Z] Applied migrations in tracking table: 3
[2026-03-01T12:44:14Z] 
[2026-03-01T12:44:14Z] == Apply migrations (sorted) ==
[2026-03-01T12:44:15Z] SKIP  2026-03-01_000_baseline.sql (already applied)
[2026-03-01T12:44:15Z] SKIP  2026-03-01_010_example_add_table.sql (already applied)
[2026-03-01T12:44:15Z] SKIP  2026-03-01_020_rpc_example.sql (already applied)
[2026-03-01T12:44:15Z] 
[2026-03-01T12:44:15Z] == Dump schema.sql (schema-only) ==
[2026-03-01T12:44:15Z] Wrote: /home/andrish97/.deploy/db-migrate/03722142c49d1b9d6dbd729dbb071bbec47a8349/out/schema.sql (9274 lines)
[2026-03-01T12:44:15Z] 
[2026-03-01T12:44:15Z] DONE
